[0.000000] (-) TimerEvent: {}
[0.000172] (test_pcl) JobQueued: {'identifier': 'test_pcl', 'dependencies': OrderedDict()}
[0.000455] (test_pcl) JobStarted: {'identifier': 'test_pcl'}
[0.008309] (test_pcl) JobProgress: {'identifier': 'test_pcl', 'progress': 'cmake'}
[0.008836] (test_pcl) JobProgress: {'identifier': 'test_pcl', 'progress': 'build'}
[0.009483] (test_pcl) Command: {'cmd': ['/usr/bin/cmake', '--build', '/home/wuhao/pct_test/build/test_pcl', '--', '-j16', '-l16'], 'cwd': '/home/wuhao/pct_test/build/test_pcl', 'env': OrderedDict([('LESSOPEN', '| /usr/bin/lesspipe %s'), ('USER', 'wuhao'), ('GIT_ASKPASS', '/home/wuhao/.vscode-server/bin/6261075646f055b99068d3688932416f2346dd3b/extensions/git/dist/askpass.sh'), ('SHLVL', '1'), ('LD_LIBRARY_PATH', '/home/wuhao/pct_test/install/laser_geometry/lib:/opt/ros/foxy/opt/yaml_cpp_vendor/lib:/opt/ros/foxy/opt/rviz_ogre_vendor/lib:/opt/ros/foxy/lib/x86_64-linux-gnu:/opt/ros/foxy/lib'), ('HOME', '/home/wuhao'), ('OLDPWD', '/home/wuhao/pct_test/src'), ('TERM_PROGRAM_VERSION', '1.73.1'), ('VSCODE_IPC_HOOK_CLI', '/tmp/vscode-ipc-e809c2e1-c3e2-425c-919b-463c43de253f.sock'), ('ROS_PYTHON_VERSION', '3'), ('VSCODE_GIT_ASKPASS_MAIN', '/home/wuhao/.vscode-server/bin/6261075646f055b99068d3688932416f2346dd3b/extensions/git/dist/askpass-main.js'), ('VSCODE_GIT_ASKPASS_NODE', '/home/wuhao/.vscode-server/bin/6261075646f055b99068d3688932416f2346dd3b/node'), ('COLORTERM', 'truecolor'), ('WSL_DISTRO_NAME', 'Ubuntu-20.04'), ('_colcon_cd_root', '/opt/ros/foxy/'), ('COLCON_PREFIX_PATH', '/home/wuhao/pct_test/install'), ('ROS_DISTRO', 'foxy'), ('LOGNAME', 'wuhao'), ('NAME', 'DESKTOP-F3L0I5N'), ('WSL_INTEROP', '/run/WSL/13_interop'), ('_', '/usr/bin/colcon'), ('ROS_VERSION', '2'), ('TERM', 'xterm-256color'), ('LIBGL_ALWAYS_INDIRECT', '1'), ('ROS_LOCALHOST_ONLY', '0'), ('PATH', '/home/wuhao/.vscode-server/bin/6261075646f055b99068d3688932416f2346dd3b/bin/remote-cli:/opt/ros/foxy/bin:/usr/local/sbin:/usr/local/bin:/usr/sbin:/usr/bin:/sbin:/bin:/usr/games:/usr/local/games:/usr/lib/wsl/lib:/mnt/e/vmware/bin/:/mnt/c/Program Files (x86)/Razer Chroma SDK/bin:/mnt/c/Program Files/Razer Chroma SDK/bin:/mnt/c/Program Files (x86)/Razer/ChromaBroadcast/bin:/mnt/c/Program Files/Razer/ChromaBroadcast/bin:/mnt/c/Program Files/NVIDIA GPU Computing Toolkit/CUDA/v11.3/bin:/mnt/c/Program Files/NVIDIA GPU Computing Toolkit/CUDA/v11.3/libnvvp:/mnt/c/Windows/system32:/mnt/c/Windows:/mnt/c/Windows/System32/Wbem:/mnt/c/Windows/System32/WindowsPowerShell/v1.0/:/mnt/c/Windows/System32/OpenSSH/:/mnt/c/Program Files (x86)/NVIDIA Corporation/PhysX/Common:/mnt/e/Git/cmd:/mnt/e/anaconda/Scripts:/mnt/c/Program Files/NVIDIA Corporation/Nsight Compute 2021.1.0/:/mnt/c/Windows/system32/config/systemprofile/AppData/Local/Microsoft/WindowsApps:/mnt/c/Program Files/dotnet/:/mnt/c/Program Files/Docker/Docker/resources/bin:/mnt/c/ProgramData/DockerDesktop/version-bin:/mnt/c/Program Files/Pandoc/:/mnt/c/Users/Wuhao/AppData/Local/Microsoft/WindowsApps:/mnt/e/PyCharm/bin:/mnt/e/anaconda/Scripts:/mnt/c/Users/Wuhao/AppData/Roaming/TinyTeX/bin/win32:/mnt/c/Users/Wuhao/.dotnet/tools:/mnt/e/Microsoft VS Code/bin:/snap/bin'), ('DISPLAY', '172.31.176.1:0.0'), ('LANG', 'en_US.UTF-8'), ('LS_COLORS', 'rs=0:di=01;34:ln=01;36:mh=00:pi=40;33:so=01;35:do=01;35:bd=40;33;01:cd=40;33;01:or=40;31;01:mi=00:su=37;41:sg=30;43:ca=30;41:tw=30;42:ow=34;42:st=37;44:ex=01;32:*.tar=01;31:*.tgz=01;31:*.arc=01;31:*.arj=01;31:*.taz=01;31:*.lha=01;31:*.lz4=01;31:*.lzh=01;31:*.lzma=01;31:*.tlz=01;31:*.txz=01;31:*.tzo=01;31:*.t7z=01;31:*.zip=01;31:*.z=01;31:*.dz=01;31:*.gz=01;31:*.lrz=01;31:*.lz=01;31:*.lzo=01;31:*.xz=01;31:*.zst=01;31:*.tzst=01;31:*.bz2=01;31:*.bz=01;31:*.tbz=01;31:*.tbz2=01;31:*.tz=01;31:*.deb=01;31:*.rpm=01;31:*.jar=01;31:*.war=01;31:*.ear=01;31:*.sar=01;31:*.rar=01;31:*.alz=01;31:*.ace=01;31:*.zoo=01;31:*.cpio=01;31:*.7z=01;31:*.rz=01;31:*.cab=01;31:*.wim=01;31:*.swm=01;31:*.dwm=01;31:*.esd=01;31:*.jpg=01;35:*.jpeg=01;35:*.mjpg=01;35:*.mjpeg=01;35:*.gif=01;35:*.bmp=01;35:*.pbm=01;35:*.pgm=01;35:*.ppm=01;35:*.tga=01;35:*.xbm=01;35:*.xpm=01;35:*.tif=01;35:*.tiff=01;35:*.png=01;35:*.svg=01;35:*.svgz=01;35:*.mng=01;35:*.pcx=01;35:*.mov=01;35:*.mpg=01;35:*.mpeg=01;35:*.m2v=01;35:*.mkv=01;35:*.webm=01;35:*.ogm=01;35:*.mp4=01;35:*.m4v=01;35:*.mp4v=01;35:*.vob=01;35:*.qt=01;35:*.nuv=01;35:*.wmv=01;35:*.asf=01;35:*.rm=01;35:*.rmvb=01;35:*.flc=01;35:*.avi=01;35:*.fli=01;35:*.flv=01;35:*.gl=01;35:*.dl=01;35:*.xcf=01;35:*.xwd=01;35:*.yuv=01;35:*.cgm=01;35:*.emf=01;35:*.ogv=01;35:*.ogx=01;35:*.aac=00;36:*.au=00;36:*.flac=00;36:*.m4a=00;36:*.mid=00;36:*.midi=00;36:*.mka=00;36:*.mp3=00;36:*.mpc=00;36:*.ogg=00;36:*.ra=00;36:*.wav=00;36:*.oga=00;36:*.opus=00;36:*.spx=00;36:*.xspf=00;36:'), ('VSCODE_GIT_IPC_HANDLE', '/tmp/vscode-git-c0236a3b9d.sock'), ('TERM_PROGRAM', 'vscode'), ('AMENT_PREFIX_PATH', '/home/wuhao/pct_test/install/test_pcl:/home/wuhao/pct_test/install/laser_geometry:/opt/ros/foxy'), ('SHELL', '/bin/bash'), ('QT_DEBUG_PLUSINSI', '1'), ('LESSCLOSE', '/usr/bin/lesspipe %s %s'), ('VSCODE_GIT_ASKPASS_EXTRA_ARGS', ''), ('PWD', '/home/wuhao/pct_test/build/test_pcl'), ('XDG_DATA_DIRS', '/usr/local/share:/usr/share:/var/lib/snapd/desktop'), ('PYTHONPATH', '/home/wuhao/pct_test/install/laser_geometry/lib/python3.8/site-packages:/opt/ros/foxy/lib/python3.8/site-packages'), ('COLCON', '1'), ('HOSTTYPE', 'x86_64'), ('CMAKE_PREFIX_PATH', '/home/wuhao/pct_test/install/test_pcl:/home/wuhao/pct_test/install/laser_geometry:/opt/ros/foxy'), ('WSLENV', 'VSCODE_WSL_EXT_LOCATION/up')]), 'shell': False}
[0.025723] (test_pcl) StdoutLine: {'line': b'-- Found ament_cmake: 0.9.11 (/opt/ros/foxy/share/ament_cmake/cmake)\n'}
[0.038145] (test_pcl) StdoutLine: {'line': b'-- Using PYTHON_EXECUTABLE: /usr/bin/python3\n'}
[0.099866] (-) TimerEvent: {}
[0.138366] (test_pcl) StdoutLine: {'line': b'-- Found sensor_msgs: 2.0.5 (/opt/ros/foxy/share/sensor_msgs/cmake)\n'}
[0.199978] (-) TimerEvent: {}
[0.201909] (test_pcl) StdoutLine: {'line': b'-- Using all available rosidl_typesupport_c: rosidl_typesupport_fastrtps_c;rosidl_typesupport_introspection_c\n'}
[0.203801] (test_pcl) StdoutLine: {'line': b'-- Found rosidl_adapter: 1.3.0 (/opt/ros/foxy/share/rosidl_adapter/cmake)\n'}
[0.300086] (-) TimerEvent: {}
[0.400375] (-) TimerEvent: {}
[0.500666] (-) TimerEvent: {}
[0.600968] (-) TimerEvent: {}
[0.701289] (-) TimerEvent: {}
[0.801582] (-) TimerEvent: {}
[0.901873] (-) TimerEvent: {}
[1.002184] (-) TimerEvent: {}
[1.102465] (-) TimerEvent: {}
[1.202767] (-) TimerEvent: {}
[1.303090] (-) TimerEvent: {}
[1.403382] (-) TimerEvent: {}
[1.503678] (-) TimerEvent: {}
[1.604011] (-) TimerEvent: {}
[1.704331] (-) TimerEvent: {}
[1.740464] (test_pcl) StdoutLine: {'line': b'-- Using all available rosidl_typesupport_cpp: rosidl_typesupport_fastrtps_cpp;rosidl_typesupport_introspection_cpp\n'}
[1.804453] (-) TimerEvent: {}
[1.853170] (test_pcl) StdoutLine: {'line': b'-- Found rclcpp: 2.4.2 (/opt/ros/foxy/share/rclcpp/cmake)\n'}
[1.878267] (test_pcl) StdoutLine: {'line': b'-- Found rmw_implementation_cmake: 1.0.3 (/opt/ros/foxy/share/rmw_implementation_cmake/cmake)\n'}
[1.879055] (test_pcl) StdoutLine: {'line': b"-- Using RMW implementation 'rmw_fastrtps_cpp' as default\n"}
[1.904563] (-) TimerEvent: {}
[1.961769] (test_pcl) StdoutLine: {'line': b'-- Found laser_geometry: 2.2.0 (/opt/ros/foxy/share/laser_geometry/cmake)\n'}
[1.970871] (test_pcl) StdoutLine: {'line': b'-- Eigen found (include: /usr/include/eigen3, version: 3.3.7)\n'}
[1.980666] (test_pcl) StdoutLine: {'line': b"-- Checking for module 'libusb-1.0'\n"}
[1.983025] (test_pcl) StdoutLine: {'line': b"--   No package 'libusb-1.0' found\n"}
[2.004674] (-) TimerEvent: {}
[2.076118] (test_pcl) StdoutLine: {'line': b'-- Could NOT find USB_10 (missing: USB_10_LIBRARY USB_10_INCLUDE_DIR) \n'}
[2.076410] (test_pcl) StderrLine: {'line': b'** WARNING ** io features related to openni will be disabled\n'}
[2.076528] (test_pcl) StdoutLine: {'line': b'-- OpenNI disabled because libusb-1.0 not found.\n'}
[2.078897] (test_pcl) StdoutLine: {'line': b"-- Checking for module 'libusb-1.0'\n"}
[2.080350] (test_pcl) StdoutLine: {'line': b"--   No package 'libusb-1.0' found\n"}
[2.104784] (-) TimerEvent: {}
[2.150628] (test_pcl) StdoutLine: {'line': b'-- Could NOT find USB_10 (missing: USB_10_LIBRARY USB_10_INCLUDE_DIR) \n'}
[2.150967] (test_pcl) StdoutLine: {'line': b'-- OpenNI 2 disabled because libusb-1.0 not found.\n'}
[2.151060] (test_pcl) StderrLine: {'line': b'** WARNING ** io features related to openni2 will be disabled\n'}
[2.151148] (test_pcl) StderrLine: {'line': b'** WARNING ** io features related to pcap will be disabled\n'}
[2.151230] (test_pcl) StderrLine: {'line': b'** WARNING ** io features related to png will be disabled\n'}
[2.187563] (test_pcl) StdoutLine: {'line': b'-- The imported target "vtkParseOGLExt" references the file\n'}
[2.187741] (test_pcl) StdoutLine: {'line': b'   "/usr/bin/vtkParseOGLExt-7.1"\n'}
[2.187848] (test_pcl) StdoutLine: {'line': b'but this file does not exist.  Possible reasons include:\n'}
[2.187951] (test_pcl) StdoutLine: {'line': b'* The file was deleted, renamed, or moved to another location.\n'}
[2.188046] (test_pcl) StdoutLine: {'line': b'* An install or uninstall procedure did not complete successfully.\n'}
[2.188139] (test_pcl) StdoutLine: {'line': b'* The installation package was faulty and contained\n'}
[2.188245] (test_pcl) StdoutLine: {'line': b'   "/usr/lib/cmake/vtk-7.1/VTKTargets.cmake"\n'}
[2.188414] (test_pcl) StdoutLine: {'line': b'but not all the files it references.\n'}
[2.188514] (test_pcl) StdoutLine: {'line': b'\n'}
[2.188609] (test_pcl) StdoutLine: {'line': b'-- The imported target "vtkRenderingPythonTkWidgets" references the file\n'}
[2.188755] (test_pcl) StdoutLine: {'line': b'   "/usr/lib/x86_64-linux-gnu/libvtkRenderingPythonTkWidgets.so"\n'}
[2.188852] (test_pcl) StdoutLine: {'line': b'but this file does not exist.  Possible reasons include:\n'}
[2.189029] (test_pcl) StdoutLine: {'line': b'* The file was deleted, renamed, or moved to another location.\n'}
[2.189110] (test_pcl) StdoutLine: {'line': b'* An install or uninstall procedure did not complete successfully.\n'}
[2.189174] (test_pcl) StdoutLine: {'line': b'* The installation package was faulty and contained\n'}
[2.189252] (test_pcl) StdoutLine: {'line': b'   "/usr/lib/cmake/vtk-7.1/VTKTargets.cmake"\n'}
[2.189329] (test_pcl) StdoutLine: {'line': b'but not all the files it references.\n'}
[2.189415] (test_pcl) StdoutLine: {'line': b'\n'}
[2.189503] (test_pcl) StdoutLine: {'line': b'-- The imported target "vtk" references the file\n'}
[2.189562] (test_pcl) StdoutLine: {'line': b'   "/usr/bin/vtk"\n'}
[2.189630] (test_pcl) StdoutLine: {'line': b'but this file does not exist.  Possible reasons include:\n'}
[2.189707] (test_pcl) StdoutLine: {'line': b'* The file was deleted, renamed, or moved to another location.\n'}
[2.189783] (test_pcl) StdoutLine: {'line': b'* An install or uninstall procedure did not complete successfully.\n'}
[2.189860] (test_pcl) StdoutLine: {'line': b'* The installation package was faulty and contained\n'}
[2.189942] (test_pcl) StdoutLine: {'line': b'   "/usr/lib/cmake/vtk-7.1/VTKTargets.cmake"\n'}
[2.190018] (test_pcl) StdoutLine: {'line': b'but not all the files it references.\n'}
[2.190094] (test_pcl) StdoutLine: {'line': b'\n'}
[2.190174] (test_pcl) StdoutLine: {'line': b'-- The imported target "pvtk" references the file\n'}
[2.190251] (test_pcl) StdoutLine: {'line': b'   "/usr/bin/pvtk"\n'}
[2.190327] (test_pcl) StdoutLine: {'line': b'but this file does not exist.  Possible reasons include:\n'}
[2.190402] (test_pcl) StdoutLine: {'line': b'* The file was deleted, renamed, or moved to another location.\n'}
[2.190478] (test_pcl) StdoutLine: {'line': b'* An install or uninstall procedure did not complete successfully.\n'}
[2.190554] (test_pcl) StdoutLine: {'line': b'* The installation package was faulty and contained\n'}
[2.190630] (test_pcl) StdoutLine: {'line': b'   "/usr/lib/cmake/vtk-7.1/VTKTargets.cmake"\n'}
[2.190705] (test_pcl) StdoutLine: {'line': b'but not all the files it references.\n'}
[2.190781] (test_pcl) StdoutLine: {'line': b'\n'}
[2.204855] (-) TimerEvent: {}
[2.246992] (test_pcl) StdoutLine: {'line': b'-- LIBUSB_1_LIBRARY (missing: LIBUSB_1_INCLUDE_DIR) \n'}
[2.247239] (test_pcl) StderrLine: {'line': b'** WARNING ** io features related to libusb-1.0 will be disabled\n'}
[2.247349] (test_pcl) StdoutLine: {'line': b'-- looking for PCL_COMMON\n'}
[2.247489] (test_pcl) StdoutLine: {'line': b'-- looking for PCL_OCTREE\n'}
[2.247745] (test_pcl) StdoutLine: {'line': b'-- looking for PCL_IO\n'}
[2.248683] (test_pcl) StdoutLine: {'line': b'-- Found ament_lint_auto: 0.9.7 (/opt/ros/foxy/share/ament_lint_auto/cmake)\n'}
[2.285908] (test_pcl) StdoutLine: {'line': b"-- Added test 'copyright' to check source files copyright and LICENSE\n"}
[2.286322] (test_pcl) StdoutLine: {'line': b"-- Added test 'cppcheck' to perform static code analysis on C / C++ code\n"}
[2.286485] (test_pcl) StdoutLine: {'line': b'-- Configured cppcheck include dirs: \n'}
[2.286570] (test_pcl) StdoutLine: {'line': b'-- Configured cppcheck exclude dirs and/or files: \n'}
[2.286800] (test_pcl) StdoutLine: {'line': b"-- Added test 'cpplint' to check C / C++ code against the Google style\n"}
[2.286898] (test_pcl) StdoutLine: {'line': b'-- Configured cpplint exclude dirs and/or files: \n'}
[2.287183] (test_pcl) StdoutLine: {'line': b"-- Added test 'lint_cmake' to check CMake code style\n"}
[2.287558] (test_pcl) StdoutLine: {'line': b"-- Added test 'uncrustify' to check C / C++ code style\n"}
[2.287638] (test_pcl) StdoutLine: {'line': b'-- Configured uncrustify additional arguments: \n'}
[2.287790] (test_pcl) StdoutLine: {'line': b"-- Added test 'xmllint' to check XML markup files\n"}
[2.289192] (test_pcl) StdoutLine: {'line': b'-- Configuring done\n'}
[2.302708] (test_pcl) StdoutLine: {'line': b'-- Generating done\n'}
[2.304001] (test_pcl) StdoutLine: {'line': b'-- Build files have been written to: /home/wuhao/pct_test/build/test_pcl\n'}
[2.304929] (-) TimerEvent: {}
[2.330809] (test_pcl) StdoutLine: {'line': b'[ 50%] \x1b[32mBuilding CXX object CMakeFiles/pcl_test.dir/src/pct.cpp.o\x1b[0m\n'}
[2.405053] (-) TimerEvent: {}
[2.505367] (-) TimerEvent: {}
[2.605697] (-) TimerEvent: {}
[2.706042] (-) TimerEvent: {}
[2.806355] (-) TimerEvent: {}
[2.906830] (-) TimerEvent: {}
[3.007275] (-) TimerEvent: {}
[3.107593] (-) TimerEvent: {}
[3.207921] (-) TimerEvent: {}
[3.232994] (test_pcl) StderrLine: {'line': b'\x1b[01m\x1b[K/home/wuhao/pct_test/src/test_pcl/src/pct.cpp:8:10:\x1b[m\x1b[K \x1b[01;31m\x1b[Kerror: \x1b[m\x1b[K#include expects "FILENAME" or <FILENAME>\n'}
[3.233220] (test_pcl) StderrLine: {'line': b'    8 | #include \x1b[01;31m\x1b[Krandom\x1b[m\x1b[K\n'}
[3.233304] (test_pcl) StderrLine: {'line': b'      |          \x1b[01;31m\x1b[K^~~~~~\x1b[m\x1b[K\n'}
[3.308029] (-) TimerEvent: {}
[3.408341] (-) TimerEvent: {}
[3.508625] (-) TimerEvent: {}
[3.608928] (-) TimerEvent: {}
[3.709262] (-) TimerEvent: {}
[3.809580] (-) TimerEvent: {}
[3.909904] (-) TimerEvent: {}
[4.010231] (-) TimerEvent: {}
[4.110542] (-) TimerEvent: {}
[4.210852] (-) TimerEvent: {}
[4.311288] (-) TimerEvent: {}
[4.411642] (-) TimerEvent: {}
[4.511990] (-) TimerEvent: {}
[4.612300] (-) TimerEvent: {}
[4.712613] (-) TimerEvent: {}
[4.813034] (-) TimerEvent: {}
[4.913339] (-) TimerEvent: {}
[5.013660] (-) TimerEvent: {}
[5.114093] (-) TimerEvent: {}
[5.214424] (-) TimerEvent: {}
[5.314742] (-) TimerEvent: {}
[5.415081] (-) TimerEvent: {}
[5.498315] (test_pcl) StderrLine: {'line': b'\x1b[01m\x1b[K/home/wuhao/pct_test/src/test_pcl/src/pct.cpp:\x1b[m\x1b[K In function \xe2\x80\x98\x1b[01m\x1b[Kint main(int, char**)\x1b[m\x1b[K\xe2\x80\x99:\n'}
[5.498542] (test_pcl) StderrLine: {'line': b'\x1b[01m\x1b[K/home/wuhao/pct_test/src/test_pcl/src/pct.cpp:56:52:\x1b[m\x1b[K \x1b[01;31m\x1b[Kerror: \x1b[m\x1b[K\xe2\x80\x98\x1b[01m\x1b[Kcloud_msg\x1b[m\x1b[K\xe2\x80\x99 was not declared in this scope\n'}
[5.498634] (test_pcl) StderrLine: {'line': b'   56 |     sensor_msgs::PointCloud2Iterator<float> iter_x(\x1b[01;31m\x1b[Kcloud_msg\x1b[m\x1b[K, "x");\n'}
[5.498723] (test_pcl) StderrLine: {'line': b'      |                                                    \x1b[01;31m\x1b[K^~~~~~~~~\x1b[m\x1b[K\n'}
[5.515195] (-) TimerEvent: {}
[5.615501] (-) TimerEvent: {}
[5.715823] (-) TimerEvent: {}
[5.816146] (-) TimerEvent: {}
[5.916457] (-) TimerEvent: {}
[6.016764] (-) TimerEvent: {}
[6.117222] (-) TimerEvent: {}
[6.217553] (-) TimerEvent: {}
[6.317904] (-) TimerEvent: {}
[6.418221] (-) TimerEvent: {}
[6.518541] (-) TimerEvent: {}
[6.618868] (-) TimerEvent: {}
[6.719210] (-) TimerEvent: {}
[6.819548] (-) TimerEvent: {}
[6.823815] (test_pcl) StderrLine: {'line': b'make[2]: *** [CMakeFiles/pcl_test.dir/build.make:63: CMakeFiles/pcl_test.dir/src/pct.cpp.o] Error 1\n'}
[6.824223] (test_pcl) StderrLine: {'line': b'make[1]: *** [CMakeFiles/Makefile2:78: CMakeFiles/pcl_test.dir/all] Error 2\n'}
[6.824320] (test_pcl) StderrLine: {'line': b'make: *** [Makefile:141: all] Error 2\n'}
[6.825635] (test_pcl) CommandEnded: {'returncode': 2}
[6.847661] (test_pcl) JobEnded: {'identifier': 'test_pcl', 'rc': 2}
[6.858312] (-) EventReactorShutdown: {}
