** WARNING ** io features related to openni will be disabled
** WARNING ** io features related to openni2 will be disabled
** WARNING ** io features related to pcap will be disabled
** WARNING ** io features related to png will be disabled
** WARNING ** io features related to libusb-1.0 will be disabled
[01m[K/home/wuhao/pct_test/src/test_pcl/src/pub_laser.cpp:47:5:[m[K [01;31m[Kerror: [m[Knon-static data member declared with placeholder â€˜[01m[Kauto[m[Kâ€™
   47 |     [01;31m[Kauto[m[K scan_msg = std::make_shared<sensor_msgs::msg::LaserScan>();
      |     [01;31m[K^~~~[m[K
[01m[K/home/wuhao/pct_test/src/test_pcl/src/pub_laser.cpp:49:16:[m[K [01;31m[Kerror: [m[Kinvalid use of non-static data member â€˜[01m[KPub_laser::node_count[m[Kâ€™
   49 |     float ran [[01;31m[Knode_count[m[K];
      |                [01;31m[K^~~~~~~~~~[m[K
[01m[K/home/wuhao/pct_test/src/test_pcl/src/pub_laser.cpp:48:12:[m[K [01;36m[Knote: [m[Kdeclared here
   48 |     size_t [01;36m[Knode_count[m[K = 1640;
      |            [01;36m[K^~~~~~~~~~[m[K
[01m[K/home/wuhao/pct_test/src/test_pcl/src/pub_laser.cpp:50:18:[m[K [01;31m[Kerror: [m[Kinvalid use of non-static data member â€˜[01m[KPub_laser::node_count[m[Kâ€™
   50 |     float inten [[01;31m[Knode_count[m[K];
      |                  [01;31m[K^~~~~~~~~~[m[K
[01m[K/home/wuhao/pct_test/src/test_pcl/src/pub_laser.cpp:48:12:[m[K [01;36m[Knote: [m[Kdeclared here
   48 |     size_t [01;36m[Knode_count[m[K = 1640;
      |            [01;36m[K^~~~~~~~~~[m[K
[01m[K/home/wuhao/pct_test/src/test_pcl/src/pub_laser.cpp:[m[K In constructor â€˜[01m[KPub_laser::Pub_laser()[m[Kâ€™:
[01m[K/home/wuhao/pct_test/src/test_pcl/src/pub_laser.cpp:17:22:[m[K [01;35m[Kwarning: [m[Kcomparison of integer expressions of different signedness: â€˜[01m[Kint[m[Kâ€™ and â€˜[01m[Ksize_t[m[Kâ€™ {aka â€˜[01m[Klong unsigned int[m[Kâ€™} [[01;35m[K-Wsign-compare[m[K]
   17 |        for(int i=0; [01;35m[Ki<this->node_count[m[K; i++)
      |                     [01;35m[K~^~~~~~~~~~~~~~~~~[m[K
[01m[K/home/wuhao/pct_test/src/test_pcl/src/pub_laser.cpp:19:10:[m[K [01;31m[Kerror: [m[Kâ€˜[01m[Kran[m[Kâ€™ was not declared in this scope; did you mean â€˜[01m[Krand[m[Kâ€™?
   19 |          [01;31m[Kran[m[K[i] = r(e);
      |          [01;31m[K^~~[m[K
      |          [32m[Krand[m[K
[01m[K/home/wuhao/pct_test/src/test_pcl/src/pub_laser.cpp:20:10:[m[K [01;31m[Kerror: [m[Kâ€˜[01m[Kinten[m[Kâ€™ was not declared in this scope
   20 |          [01;31m[Kinten[m[K[i] = i(e);
      |          [01;31m[K^~~~~[m[K
[01m[K/home/wuhao/pct_test/src/test_pcl/src/pub_laser.cpp:20:24:[m[K [01;31m[Kerror: [m[Kâ€˜[01m[Ki[m[Kâ€™ cannot be used as a function
   20 |          inten[i] = i(e[01;31m[K)[m[K;
      |                        [01;31m[K^[m[K
[01m[K/home/wuhao/pct_test/src/test_pcl/src/pub_laser.cpp:23:53:[m[K [01;31m[Kerror: [m[Kâ€˜[01m[Know[m[Kâ€™ is not a member of â€˜[01m[Krclcpp::Time[m[Kâ€™
   23 |        this->scan_msg->header.stamp = rclcpp::Time::[01;31m[Know[m[K()
      |                                                     [01;31m[K^~~[m[K
[01m[K/home/wuhao/pct_test/src/test_pcl/src/pub_laser.cpp:34:37:[m[K [01;31m[Kerror: [m[Kâ€˜[01m[Kinten[m[Kâ€™ was not declared in this scope
   34 |        memcpy(scan_msg->intensities,[01;31m[Kinten[m[K,sizeof(inten));
      |                                     [01;31m[K^~~~~[m[K
[01m[K/home/wuhao/pct_test/src/test_pcl/src/pub_laser.cpp:35:32:[m[K [01;31m[Kerror: [m[Kâ€˜[01m[Kran[m[Kâ€™ was not declared in this scope; did you mean â€˜[01m[Krand[m[Kâ€™?
   35 |        memcpy(scan_msg->ranges,[01;31m[Kran[m[K,sizeof(inten));
      |                                [01;31m[K^~~[m[K
      |                                [32m[Krand[m[K
[01m[K/home/wuhao/pct_test/src/test_pcl/src/pub_laser.cpp:36:70:[m[K [01;31m[Kerror: [m[Kâ€˜[01m[Ktimer_callback[m[Kâ€™ is not a member of â€˜[01m[KPub_laser[m[Kâ€™
   36 |        timer_ = this->create_wall_timer(500ms, std::bind(&Pub_laser::[01;31m[Ktimer_callback[m[K, this));
      |                                                                      [01;31m[K^~~~~~~~~~~~~~[m[K
In file included from [01m[K/usr/include/x86_64-linux-gnu/c++/9/bits/c++allocator.h:33[m[K,
                 from [01m[K/usr/include/c++/9/bits/allocator.h:46[m[K,
                 from [01m[K/usr/include/c++/9/memory:63[m[K,
                 from [01m[K/opt/ros/foxy/include/rclcpp/rclcpp.hpp:144[m[K,
                 from [01m[K/home/wuhao/pct_test/src/test_pcl/src/pub_laser.cpp:1[m[K:
/usr/include/c++/9/ext/new_allocator.h: In instantiation of â€˜[01m[Kvoid __gnu_cxx::new_allocator<_Tp>::construct(_Up*, _Args&& ...) [with _Up = Pub_laser; _Args = {const char (&)[10]}; _Tp = Pub_laser][m[Kâ€™:
[01m[K/usr/include/c++/9/bits/alloc_traits.h:483:4:[m[K   required from â€˜[01m[Kstatic void std::allocator_traits<std::allocator<_Tp1> >::construct(std::allocator_traits<std::allocator<_Tp1> >::allocator_type&, _Up*, _Args&& ...) [with _Up = Pub_laser; _Args = {const char (&)[10]}; _Tp = Pub_laser; std::allocator_traits<std::allocator<_Tp1> >::allocator_type = std::allocator<Pub_laser>][m[Kâ€™
[01m[K/usr/include/c++/9/bits/shared_ptr_base.h:548:39:[m[K   required from â€˜[01m[Kstd::_Sp_counted_ptr_inplace<_Tp, _Alloc, _Lp>::_Sp_counted_ptr_inplace(_Alloc, _Args&& ...) [with _Args = {const char (&)[10]}; _Tp = Pub_laser; _Alloc = std::allocator<Pub_laser>; __gnu_cxx::_Lock_policy _Lp = __gnu_cxx::_S_atomic][m[Kâ€™
[01m[K/usr/include/c++/9/bits/shared_ptr_base.h:679:16:[m[K   required from â€˜[01m[Kstd::__shared_count<_Lp>::__shared_count(_Tp*&, std::_Sp_alloc_shared_tag<_Alloc>, _Args&& ...) [with _Tp = Pub_laser; _Alloc = std::allocator<Pub_laser>; _Args = {const char (&)[10]}; __gnu_cxx::_Lock_policy _Lp = __gnu_cxx::_S_atomic][m[Kâ€™
[01m[K/usr/include/c++/9/bits/shared_ptr_base.h:1344:71:[m[K   required from â€˜[01m[Kstd::__shared_ptr<_Tp, _Lp>::__shared_ptr(std::_Sp_alloc_shared_tag<_Tp>, _Args&& ...) [with _Alloc = std::allocator<Pub_laser>; _Args = {const char (&)[10]}; _Tp = Pub_laser; __gnu_cxx::_Lock_policy _Lp = __gnu_cxx::_S_atomic][m[Kâ€™
[01m[K/usr/include/c++/9/bits/shared_ptr.h:359:59:[m[K   required from â€˜[01m[Kstd::shared_ptr<_Tp>::shared_ptr(std::_Sp_alloc_shared_tag<_Tp>, _Args&& ...) [with _Alloc = std::allocator<Pub_laser>; _Args = {const char (&)[10]}; _Tp = Pub_laser][m[Kâ€™
[01m[K/usr/include/c++/9/bits/shared_ptr.h:701:14:[m[K   required from â€˜[01m[Kstd::shared_ptr<_Tp> std::allocate_shared(const _Alloc&, _Args&& ...) [with _Tp = Pub_laser; _Alloc = std::allocator<Pub_laser>; _Args = {const char (&)[10]}][m[Kâ€™
[01m[K/usr/include/c++/9/bits/shared_ptr.h:717:39:[m[K   required from â€˜[01m[Kstd::shared_ptr<_Tp> std::make_shared(_Args&& ...) [with _Tp = Pub_laser; _Args = {const char (&)[10]}][m[Kâ€™
[01m[K/home/wuhao/pct_test/src/test_pcl/src/pub_laser.cpp:61:56:[m[K   required from here
[01m[K/usr/include/c++/9/ext/new_allocator.h:146:4:[m[K [01;31m[Kerror: [m[Kno matching function for call to â€˜[01m[KPub_laser::Pub_laser(const char [10])[m[Kâ€™
  146 |  { [01;31m[K::new((void *)__p) _Up(std::forward<_Args>(__args)...)[m[K; }
      |    [01;31m[K^~~~~~~~~~~~~~~~~~~~~~~~~~~~~~~~~~~~~~~~~~~~~~~~~~~~~~[m[K
[01m[K/home/wuhao/pct_test/src/test_pcl/src/pub_laser.cpp:11:5:[m[K [01;36m[Knote: [m[Kcandidate: â€˜[01m[KPub_laser::Pub_laser()[m[Kâ€™
   11 |     [01;36m[KPub_laser[m[K():Node("laser_pub")
      |     [01;36m[K^~~~~~~~~[m[K
[01m[K/home/wuhao/pct_test/src/test_pcl/src/pub_laser.cpp:11:5:[m[K [01;36m[Knote: [m[K  candidate expects 0 arguments, 1 provided
make[2]: *** [CMakeFiles/pcl_test.dir/build.make:76: CMakeFiles/pcl_test.dir/src/pub_laser.cpp.o] Error 1
make[2]: *** Waiting for unfinished jobs....
make[1]: *** [CMakeFiles/Makefile2:78: CMakeFiles/pcl_test.dir/all] Error 2
make: *** [Makefile:141: all] Error 2
