[0.012s] Invoking command in '/home/wuhao/pct_test/build/test_pcl': CMAKE_PREFIX_PATH=${CMAKE_PREFIX_PATH}:/opt/ros/foxy /usr/bin/cmake --build /home/wuhao/pct_test/build/test_pcl -- -j16 -l16
[0.025s] -- Found ament_cmake: 0.9.11 (/opt/ros/foxy/share/ament_cmake/cmake)
[0.038s] -- Using PYTHON_EXECUTABLE: /usr/bin/python3
[0.138s] -- Found sensor_msgs: 2.0.5 (/opt/ros/foxy/share/sensor_msgs/cmake)
[0.201s] -- Using all available rosidl_typesupport_c: rosidl_typesupport_fastrtps_c;rosidl_typesupport_introspection_c
[0.203s] -- Found rosidl_adapter: 1.3.0 (/opt/ros/foxy/share/rosidl_adapter/cmake)
[1.740s] -- Using all available rosidl_typesupport_cpp: rosidl_typesupport_fastrtps_cpp;rosidl_typesupport_introspection_cpp
[1.853s] -- Found rclcpp: 2.4.2 (/opt/ros/foxy/share/rclcpp/cmake)
[1.878s] -- Found rmw_implementation_cmake: 1.0.3 (/opt/ros/foxy/share/rmw_implementation_cmake/cmake)
[1.879s] -- Using RMW implementation 'rmw_fastrtps_cpp' as default
[1.961s] -- Found laser_geometry: 2.2.0 (/opt/ros/foxy/share/laser_geometry/cmake)
[1.970s] -- Eigen found (include: /usr/include/eigen3, version: 3.3.7)
[1.980s] -- Checking for module 'libusb-1.0'
[1.983s] --   No package 'libusb-1.0' found
[2.076s] -- Could NOT find USB_10 (missing: USB_10_LIBRARY USB_10_INCLUDE_DIR) 
[2.076s] ** WARNING ** io features related to openni will be disabled
[2.076s] -- OpenNI disabled because libusb-1.0 not found.
[2.078s] -- Checking for module 'libusb-1.0'
[2.080s] --   No package 'libusb-1.0' found
[2.150s] -- Could NOT find USB_10 (missing: USB_10_LIBRARY USB_10_INCLUDE_DIR) 
[2.150s] -- OpenNI 2 disabled because libusb-1.0 not found.
[2.151s] ** WARNING ** io features related to openni2 will be disabled
[2.151s] ** WARNING ** io features related to pcap will be disabled
[2.151s] ** WARNING ** io features related to png will be disabled
[2.187s] -- The imported target "vtkParseOGLExt" references the file
[2.187s]    "/usr/bin/vtkParseOGLExt-7.1"
[2.187s] but this file does not exist.  Possible reasons include:
[2.187s] * The file was deleted, renamed, or moved to another location.
[2.188s] * An install or uninstall procedure did not complete successfully.
[2.188s] * The installation package was faulty and contained
[2.188s]    "/usr/lib/cmake/vtk-7.1/VTKTargets.cmake"
[2.188s] but not all the files it references.
[2.188s] 
[2.188s] -- The imported target "vtkRenderingPythonTkWidgets" references the file
[2.188s]    "/usr/lib/x86_64-linux-gnu/libvtkRenderingPythonTkWidgets.so"
[2.188s] but this file does not exist.  Possible reasons include:
[2.189s] * The file was deleted, renamed, or moved to another location.
[2.189s] * An install or uninstall procedure did not complete successfully.
[2.189s] * The installation package was faulty and contained
[2.189s]    "/usr/lib/cmake/vtk-7.1/VTKTargets.cmake"
[2.189s] but not all the files it references.
[2.189s] 
[2.189s] -- The imported target "vtk" references the file
[2.189s]    "/usr/bin/vtk"
[2.189s] but this file does not exist.  Possible reasons include:
[2.189s] * The file was deleted, renamed, or moved to another location.
[2.189s] * An install or uninstall procedure did not complete successfully.
[2.189s] * The installation package was faulty and contained
[2.189s]    "/usr/lib/cmake/vtk-7.1/VTKTargets.cmake"
[2.190s] but not all the files it references.
[2.190s] 
[2.190s] -- The imported target "pvtk" references the file
[2.190s]    "/usr/bin/pvtk"
[2.190s] but this file does not exist.  Possible reasons include:
[2.190s] * The file was deleted, renamed, or moved to another location.
[2.190s] * An install or uninstall procedure did not complete successfully.
[2.190s] * The installation package was faulty and contained
[2.190s]    "/usr/lib/cmake/vtk-7.1/VTKTargets.cmake"
[2.190s] but not all the files it references.
[2.190s] 
[2.247s] -- LIBUSB_1_LIBRARY (missing: LIBUSB_1_INCLUDE_DIR) 
[2.247s] ** WARNING ** io features related to libusb-1.0 will be disabled
[2.247s] -- looking for PCL_COMMON
[2.247s] -- looking for PCL_OCTREE
[2.247s] -- looking for PCL_IO
[2.248s] -- Found ament_lint_auto: 0.9.7 (/opt/ros/foxy/share/ament_lint_auto/cmake)
[2.285s] -- Added test 'copyright' to check source files copyright and LICENSE
[2.286s] -- Added test 'cppcheck' to perform static code analysis on C / C++ code
[2.286s] -- Configured cppcheck include dirs: 
[2.286s] -- Configured cppcheck exclude dirs and/or files: 
[2.286s] -- Added test 'cpplint' to check C / C++ code against the Google style
[2.286s] -- Configured cpplint exclude dirs and/or files: 
[2.287s] -- Added test 'lint_cmake' to check CMake code style
[2.287s] -- Added test 'uncrustify' to check C / C++ code style
[2.287s] -- Configured uncrustify additional arguments: 
[2.287s] -- Added test 'xmllint' to check XML markup files
[2.289s] -- Configuring done
[2.302s] -- Generating done
[2.304s] -- Build files have been written to: /home/wuhao/pct_test/build/test_pcl
[2.330s] [ 50%] [32mBuilding CXX object CMakeFiles/pcl_test.dir/src/pct.cpp.o[0m
[3.233s] [01m[K/home/wuhao/pct_test/src/test_pcl/src/pct.cpp:8:10:[m[K [01;31m[Kerror: [m[K#include expects "FILENAME" or <FILENAME>
[3.233s]     8 | #include [01;31m[Krandom[m[K
[3.233s]       |          [01;31m[K^~~~~~[m[K
[5.498s] [01m[K/home/wuhao/pct_test/src/test_pcl/src/pct.cpp:[m[K In function â€˜[01m[Kint main(int, char**)[m[Kâ€™:
[5.498s] [01m[K/home/wuhao/pct_test/src/test_pcl/src/pct.cpp:56:52:[m[K [01;31m[Kerror: [m[Kâ€˜[01m[Kcloud_msg[m[Kâ€™ was not declared in this scope
[5.498s]    56 |     sensor_msgs::PointCloud2Iterator<float> iter_x([01;31m[Kcloud_msg[m[K, "x");
[5.498s]       |                                                    [01;31m[K^~~~~~~~~[m[K
[6.824s] make[2]: *** [CMakeFiles/pcl_test.dir/build.make:63: CMakeFiles/pcl_test.dir/src/pct.cpp.o] Error 1
[6.824s] make[1]: *** [CMakeFiles/Makefile2:78: CMakeFiles/pcl_test.dir/all] Error 2
[6.824s] make: *** [Makefile:141: all] Error 2
[6.825s] Invoked command in '/home/wuhao/pct_test/build/test_pcl' returned '2': CMAKE_PREFIX_PATH=${CMAKE_PREFIX_PATH}:/opt/ros/foxy /usr/bin/cmake --build /home/wuhao/pct_test/build/test_pcl -- -j16 -l16
